<?xml version="1.0" encoding="UTF-8"?>
<!-- Generated by org.testng.reporters.JUnitReportReporter -->
<testsuite skipped="0" hostname="DESKTOP-EKORDLF" name="com.agoda.PasswordChangeTestNG" tests="16" failures="1" timestamp="2019-06-26T05:57:57 IST" time="0.073" errors="0">
  <testcase name="dataProviderTestWithNegativeConditions" time="0.025" classname="com.agoda.PasswordChangeTestNG"/>
  <testcase name="passwordWithNotAllowdedSpecialChars" time="0.000" classname="com.agoda.PasswordChangeTestNG"/>
  <testcase name="passwordWithWrongSystemPassword" time="0.000" classname="com.agoda.PasswordChangeTestNG"/>
  <testcase name="passwordWithAllSpecialChars" time="0.000" classname="com.agoda.PasswordChangeTestNG"/>
  <testcase name="passwordWithLessThan17Characters" time="0.000" classname="com.agoda.PasswordChangeTestNG"/>
  <testcase name="emptynewPassword" time="0.000" classname="com.agoda.PasswordChangeTestNG"/>
  <testcase name="passwordWithNoDigits" time="0.000" classname="com.agoda.PasswordChangeTestNG"/>
  <testcase name="passwordWithSpecialCharsMoreThan4" time="0.000" classname="com.agoda.PasswordChangeTestNG"/>
  <testcase name="inValidPreviouspasswordTest" time="0.000" classname="com.agoda.PasswordChangeTestNG">
    <failure type="java.lang.AssertionError" message="did not expect to find [true] but found [false]">
      <![CDATA[java.lang.AssertionError: did not expect to find [true] but found [false]
at org.testng.Assert.fail(Assert.java:97)
at org.testng.Assert.failNotEquals(Assert.java:969)
at org.testng.Assert.assertTrue(Assert.java:43)
at org.testng.Assert.assertTrue(Assert.java:53)
at com.agoda.PasswordChangeTestNG.inValidPreviouspasswordTest(PasswordChangeTestNG.java:35)
at sun.reflect.NativeMethodAccessorImpl.invoke0(Native Method)
at sun.reflect.NativeMethodAccessorImpl.invoke(Unknown Source)
at sun.reflect.DelegatingMethodAccessorImpl.invoke(Unknown Source)
at java.lang.reflect.Method.invoke(Unknown Source)
at org.testng.internal.MethodInvocationHelper.invokeMethod(MethodInvocationHelper.java:131)
at org.testng.internal.TestInvoker.invokeMethod(TestInvoker.java:570)
at org.testng.internal.TestInvoker.invokeTestMethod(TestInvoker.java:170)
at org.testng.internal.MethodRunner.runInSequence(MethodRunner.java:46)
at org.testng.internal.TestInvoker$MethodInvocationAgent.invoke(TestInvoker.java:790)
at org.testng.internal.TestInvoker.invokeTestMethods(TestInvoker.java:143)
at org.testng.internal.TestMethodWorker.invokeTestMethods(TestMethodWorker.java:146)
at org.testng.internal.TestMethodWorker.run(TestMethodWorker.java:128)
at org.testng.TestRunner.privateRun(TestRunner.java:763)
at org.testng.TestRunner.run(TestRunner.java:594)
at org.testng.SuiteRunner.runTest(SuiteRunner.java:398)
at org.testng.SuiteRunner.runSequentially(SuiteRunner.java:392)
at org.testng.SuiteRunner.privateRun(SuiteRunner.java:355)
at org.testng.SuiteRunner.run(SuiteRunner.java:304)
at org.testng.SuiteRunnerWorker.runSuite(SuiteRunnerWorker.java:53)
at org.testng.SuiteRunnerWorker.run(SuiteRunnerWorker.java:96)
at org.testng.TestNG.runSuitesSequentially(TestNG.java:1146)
at org.testng.TestNG.runSuitesLocally(TestNG.java:1067)
at org.testng.TestNG.runSuites(TestNG.java:997)
at org.testng.TestNG.run(TestNG.java:965)
at org.testng.remote.AbstractRemoteTestNG.run(AbstractRemoteTestNG.java:115)
at org.testng.remote.RemoteTestNG.initAndRun(RemoteTestNG.java:251)
at org.testng.remote.RemoteTestNG.main(RemoteTestNG.java:77)
]]>
    </failure>
  </testcase> <!-- inValidPreviouspasswordTest -->
  <testcase name="passwordWithMoreThan50PercenOfDigits" time="0.000" classname="com.agoda.PasswordChangeTestNG"/>
  <testcase name="validpasswordTest" time="0.000" classname="com.agoda.PasswordChangeTestNG"/>
  <testcase name="dataProviderTestWithNegativeConditions" time="0.000" classname="com.agoda.PasswordChangeTestNG"/>
  <testcase name="passwordWithNoUpperCase" time="0.000" classname="com.agoda.PasswordChangeTestNG"/>
  <testcase name="passwordWithsimilarity" time="0.016" classname="com.agoda.PasswordChangeTestNG"/>
  <testcase name="passwordWithAllDigits" time="0.016" classname="com.agoda.PasswordChangeTestNG"/>
  <testcase name="passwordWithNoLowerCase" time="0.016" classname="com.agoda.PasswordChangeTestNG"/>
</testsuite> <!-- com.agoda.PasswordChangeTestNG -->
