<?xml version="1.0" encoding="UTF-8"?>
<!-- Generated by org.testng.reporters.JUnitXMLReporter -->
<testsuite hostname="DESKTOP-EKORDLF" ignored="0" name="PasswordValidationTest" tests="16" failures="2" timestamp="2019-06-26T06:02:38 IST" time="5.376" errors="0">
  <testcase name="dataProviderTestWithNegativeConditions" time="0.022" classname="com.agoda.PasswordChangeTestNG"/>
  <testcase name="dataProviderTestWithNegativeConditions" time="0.016" classname="com.agoda.PasswordChangeTestNG"/>
  <testcase name="emptynewPassword" time="0.015" classname="com.agoda.PasswordChangeTestNG">
    <failure type="java.lang.AssertionError" message="did not expect to find [true] but found [false]">
      <![CDATA[java.lang.AssertionError: did not expect to find [true] but found [false]
at com.agoda.PasswordChangeTestNG.emptynewPassword(PasswordChangeTestNG.java:42)
... Removed 31 stack frames]]>
    </failure>
  </testcase> <!-- emptynewPassword -->
  <testcase name="inValidPreviouspasswordTest" time="0.016" classname="com.agoda.PasswordChangeTestNG">
    <failure type="java.lang.AssertionError" message="did not expect to find [true] but found [false]">
      <![CDATA[java.lang.AssertionError: did not expect to find [true] but found [false]
at com.agoda.PasswordChangeTestNG.inValidPreviouspasswordTest(PasswordChangeTestNG.java:35)
... Removed 31 stack frames]]>
    </failure>
  </testcase> <!-- inValidPreviouspasswordTest -->
  <testcase name="passwordWithAllDigits" time="0.015" classname="com.agoda.PasswordChangeTestNG"/>
  <testcase name="passwordWithAllSpecialChars" time="0.0" classname="com.agoda.PasswordChangeTestNG"/>
  <testcase name="passwordWithLessThan17Characters" time="0.016" classname="com.agoda.PasswordChangeTestNG"/>
  <testcase name="passwordWithMoreThan50PercenOfDigits" time="0.0" classname="com.agoda.PasswordChangeTestNG"/>
  <testcase name="passwordWithNoDigits" time="0.0" classname="com.agoda.PasswordChangeTestNG"/>
  <testcase name="passwordWithNoLowerCase" time="0.0" classname="com.agoda.PasswordChangeTestNG"/>
  <testcase name="passwordWithNoUpperCase" time="0.0" classname="com.agoda.PasswordChangeTestNG"/>
  <testcase name="passwordWithNotAllowdedSpecialChars" time="0.016" classname="com.agoda.PasswordChangeTestNG"/>
  <testcase name="passwordWithSpecialCharsMoreThan4" time="0.011" classname="com.agoda.PasswordChangeTestNG"/>
  <testcase name="passwordWithWrongSystemPassword" time="0.003" classname="com.agoda.PasswordChangeTestNG"/>
  <testcase name="passwordWithsimilarity" time="0.003" classname="com.agoda.PasswordChangeTestNG"/>
  <testcase name="validpasswordTest" time="0.005" classname="com.agoda.PasswordChangeTestNG"/>
</testsuite> <!-- PasswordValidationTest -->
