<html>
<head>
<title>TestNG:  Default test</title>
<link href="../testng.css" rel="stylesheet" type="text/css" />
<link href="../my-testng.css" rel="stylesheet" type="text/css" />

<style type="text/css">
.log { display: none;} 
.stack-trace { display: none;} 
</style>
<script type="text/javascript">
<!--
function flip(e) {
  current = e.style.display;
  if (current == 'block') {
    e.style.display = 'none';
    return 0;
  }
  else {
    e.style.display = 'block';
    return 1;
  }
}

function toggleBox(szDivId, elem, msg1, msg2)
{
  var res = -1;  if (document.getElementById) {
    res = flip(document.getElementById(szDivId));
  }
  else if (document.all) {
    // this is the way old msie versions work
    res = flip(document.all[szDivId]);
  }
  if(elem) {
    if(res == 0) elem.innerHTML = msg1; else elem.innerHTML = msg2;
  }

}

function toggleAllBoxes() {
  if (document.getElementsByTagName) {
    d = document.getElementsByTagName('div');
    for (i = 0; i < d.length; i++) {
      if (d[i].className == 'log') {
        flip(d[i]);
      }
    }
  }
}

// -->
</script>

</head>
<body>
<h2 align='center'>Default test</h2><table border='1' align="center">
<tr>
<td>Tests passed/Failed/Skipped:</td><td>15/1/0</td>
</tr><tr>
<td>Started on:</td><td>Wed Jun 26 05:57:52 IST 2019</td>
</tr>
<tr><td>Total time:</td><td>5 seconds (5366 ms)</td>
</tr><tr>
<td>Included groups:</td><td></td>
</tr><tr>
<td>Excluded groups:</td><td></td>
</tr>
</table><p/>
<small><i>(Hover the method name to see the test class name)</i></small><p/>
<table width='100%' border='1' class='invocation-failed'>
<tr><td colspan='4' align='center'><b>FAILED TESTS</b></td></tr>
<tr><td><b>Test method</b></td>
<td width="30%"><b>Exception</b></td>
<td width="10%"><b>Time (seconds)</b></td>
<td><b>Instance</b></td>
</tr>
<tr>
<td title='com.agoda.PasswordChangeTestNG.inValidPreviouspasswordTest()'><b>inValidPreviouspasswordTest</b><br>Test class: com.agoda.PasswordChangeTestNG</td>
<td><div><pre>java.lang.AssertionError: did not expect to find [true] but found [false]
	at org.testng.Assert.fail(Assert.java:97)
	at org.testng.Assert.failNotEquals(Assert.java:969)
	at org.testng.Assert.assertTrue(Assert.java:43)
	at org.testng.Assert.assertTrue(Assert.java:53)
	at com.agoda.PasswordChangeTestNG.inValidPreviouspasswordTest(PasswordChangeTestNG.java:35)
	at sun.reflect.NativeMethodAccessorImpl.invoke0(Native Method)
	at sun.reflect.NativeMethodAccessorImpl.invoke(Unknown Source)
	at sun.reflect.DelegatingMethodAccessorImpl.invoke(Unknown Source)
	at java.lang.reflect.Method.invoke(Unknown Source)
	at org.testng.internal.MethodInvocationHelper.invokeMethod(MethodInvocationHelper.java:131)
	at org.testng.internal.TestInvoker.invokeMethod(TestInvoker.java:570)
	at org.testng.internal.TestInvoker.invokeTestMethod(TestInvoker.java:170)
	at org.testng.internal.MethodRunner.runInSequence(MethodRunner.java:46)
	at org.testng.internal.TestInvoker$MethodInvocationAgent.invoke(TestInvoker.java:790)
	at org.testng.internal.TestInvoker.invokeTestMethods(TestInvoker.java:143)
	at org.testng.internal.TestMethodWorker.invokeTestMethods(TestMethodWorker.java:146)
	at org.testng.internal.TestMethodWorker.run(TestMethodWorker.java:128)
	at org.testng.TestRunner.privateRun(TestRunner.java:763)
	at org.testng.TestRunner.run(TestRunner.java:594)
	at org.testng.SuiteRunner.runTest(SuiteRunner.java:398)
	at org.testng.SuiteRunner.runSequentially(SuiteRunner.java:392)
	at org.testng.SuiteRunner.privateRun(SuiteRunner.java:355)
	at org.testng.SuiteRunner.run(SuiteRunner.java:304)
	at org.testng.SuiteRunnerWorker.runSuite(SuiteRunnerWorker.java:53)
	at org.testng.SuiteRunnerWorker.run(SuiteRunnerWorker.java:96)
	at org.testng.TestNG.runSuitesSequentially(TestNG.java:1146)
	at org.testng.TestNG.runSuitesLocally(TestNG.java:1067)
	at org.testng.TestNG.runSuites(TestNG.java:997)
	at org.testng.TestNG.run(TestNG.java:965)
	at org.testng.remote.AbstractRemoteTestNG.run(AbstractRemoteTestNG.java:115)
	at org.testng.remote.RemoteTestNG.initAndRun(RemoteTestNG.java:251)
	at org.testng.remote.RemoteTestNG.main(RemoteTestNG.java:77)
</pre></div><a href='#' onClick='toggleBox("stack-trace2109874862", this, "Click to show all stack frames", "Click to hide stack frames")'>Click to show all stack frames</a>
<div class='stack-trace' id='stack-trace2109874862'><pre>java.lang.AssertionError: did not expect to find [true] but found [false]
	at org.testng.Assert.fail(Assert.java:97)
	at org.testng.Assert.failNotEquals(Assert.java:969)
	at org.testng.Assert.assertTrue(Assert.java:43)
	at org.testng.Assert.assertTrue(Assert.java:53)
	at com.agoda.PasswordChangeTestNG.inValidPreviouspasswordTest(PasswordChangeTestNG.java:35)
	at sun.reflect.NativeMethodAccessorImpl.invoke0(Native Method)
	at sun.reflect.NativeMethodAccessorImpl.invoke(Unknown Source)
	at sun.reflect.DelegatingMethodAccessorImpl.invoke(Unknown Source)
	at java.lang.reflect.Method.invoke(Unknown Source)
	at org.testng.internal.MethodInvocationHelper.invokeMethod(MethodInvocationHelper.java:131)
	at org.testng.internal.TestInvoker.invokeMethod(TestInvoker.java:570)
	at org.testng.internal.TestInvoker.invokeTestMethod(TestInvoker.java:170)
	at org.testng.internal.MethodRunner.runInSequence(MethodRunner.java:46)
	at org.testng.internal.TestInvoker$MethodInvocationAgent.invoke(TestInvoker.java:790)
	at org.testng.internal.TestInvoker.invokeTestMethods(TestInvoker.java:143)
	at org.testng.internal.TestMethodWorker.invokeTestMethods(TestMethodWorker.java:146)
	at org.testng.internal.TestMethodWorker.run(TestMethodWorker.java:128)
	at org.testng.TestRunner.privateRun(TestRunner.java:763)
	at org.testng.TestRunner.run(TestRunner.java:594)
	at org.testng.SuiteRunner.runTest(SuiteRunner.java:398)
	at org.testng.SuiteRunner.runSequentially(SuiteRunner.java:392)
	at org.testng.SuiteRunner.privateRun(SuiteRunner.java:355)
	at org.testng.SuiteRunner.run(SuiteRunner.java:304)
	at org.testng.SuiteRunnerWorker.runSuite(SuiteRunnerWorker.java:53)
	at org.testng.SuiteRunnerWorker.run(SuiteRunnerWorker.java:96)
	at org.testng.TestNG.runSuitesSequentially(TestNG.java:1146)
	at org.testng.TestNG.runSuitesLocally(TestNG.java:1067)
	at org.testng.TestNG.runSuites(TestNG.java:997)
	at org.testng.TestNG.run(TestNG.java:965)
	at org.testng.remote.AbstractRemoteTestNG.run(AbstractRemoteTestNG.java:115)
	at org.testng.remote.RemoteTestNG.initAndRun(RemoteTestNG.java:251)
	at org.testng.remote.RemoteTestNG.main(RemoteTestNG.java:77)
</pre></div></td>
<td>0</td>
<td>com.agoda.PasswordChangeTestNG@4e9ba398</td></tr>
</table><p>
<table width='100%' border='1' class='invocation-passed'>
<tr><td colspan='4' align='center'><b>PASSED TESTS</b></td></tr>
<tr><td><b>Test method</b></td>
<td width="30%"><b>Exception</b></td>
<td width="10%"><b>Time (seconds)</b></td>
<td><b>Instance</b></td>
</tr>
<tr>
<td title='com.agoda.PasswordChangeTestNG.dataProviderTestWithNegativeConditions()'><b>dataProviderTestWithNegativeConditions</b><br>Test class: com.agoda.PasswordChangeTestNG<br>Parameters:  </td>
<td></td>
<td>0</td>
<td>com.agoda.PasswordChangeTestNG@4e9ba398</td></tr>
<tr>
<td title='com.agoda.PasswordChangeTestNG.dataProviderTestWithNegativeConditions()'><b>dataProviderTestWithNegativeConditions</b><br>Test class: com.agoda.PasswordChangeTestNG<br>Parameters: qwerty@A45sssss6*kladaedef</td>
<td></td>
<td>0</td>
<td>com.agoda.PasswordChangeTestNG@4e9ba398</td></tr>
<tr>
<td title='com.agoda.PasswordChangeTestNG.emptynewPassword()'><b>emptynewPassword</b><br>Test class: com.agoda.PasswordChangeTestNG</td>
<td></td>
<td>0</td>
<td>com.agoda.PasswordChangeTestNG@4e9ba398</td></tr>
<tr>
<td title='com.agoda.PasswordChangeTestNG.passwordWithAllDigits()'><b>passwordWithAllDigits</b><br>Test class: com.agoda.PasswordChangeTestNG</td>
<td></td>
<td>0</td>
<td>com.agoda.PasswordChangeTestNG@4e9ba398</td></tr>
<tr>
<td title='com.agoda.PasswordChangeTestNG.passwordWithAllSpecialChars()'><b>passwordWithAllSpecialChars</b><br>Test class: com.agoda.PasswordChangeTestNG</td>
<td></td>
<td>0</td>
<td>com.agoda.PasswordChangeTestNG@4e9ba398</td></tr>
<tr>
<td title='com.agoda.PasswordChangeTestNG.passwordWithLessThan17Characters()'><b>passwordWithLessThan17Characters</b><br>Test class: com.agoda.PasswordChangeTestNG</td>
<td></td>
<td>0</td>
<td>com.agoda.PasswordChangeTestNG@4e9ba398</td></tr>
<tr>
<td title='com.agoda.PasswordChangeTestNG.passwordWithMoreThan50PercenOfDigits()'><b>passwordWithMoreThan50PercenOfDigits</b><br>Test class: com.agoda.PasswordChangeTestNG</td>
<td></td>
<td>0</td>
<td>com.agoda.PasswordChangeTestNG@4e9ba398</td></tr>
<tr>
<td title='com.agoda.PasswordChangeTestNG.passwordWithNoDigits()'><b>passwordWithNoDigits</b><br>Test class: com.agoda.PasswordChangeTestNG</td>
<td></td>
<td>0</td>
<td>com.agoda.PasswordChangeTestNG@4e9ba398</td></tr>
<tr>
<td title='com.agoda.PasswordChangeTestNG.passwordWithNoLowerCase()'><b>passwordWithNoLowerCase</b><br>Test class: com.agoda.PasswordChangeTestNG</td>
<td></td>
<td>0</td>
<td>com.agoda.PasswordChangeTestNG@4e9ba398</td></tr>
<tr>
<td title='com.agoda.PasswordChangeTestNG.passwordWithNoUpperCase()'><b>passwordWithNoUpperCase</b><br>Test class: com.agoda.PasswordChangeTestNG</td>
<td></td>
<td>0</td>
<td>com.agoda.PasswordChangeTestNG@4e9ba398</td></tr>
<tr>
<td title='com.agoda.PasswordChangeTestNG.passwordWithNotAllowdedSpecialChars()'><b>passwordWithNotAllowdedSpecialChars</b><br>Test class: com.agoda.PasswordChangeTestNG</td>
<td></td>
<td>0</td>
<td>com.agoda.PasswordChangeTestNG@4e9ba398</td></tr>
<tr>
<td title='com.agoda.PasswordChangeTestNG.passwordWithSpecialCharsMoreThan4()'><b>passwordWithSpecialCharsMoreThan4</b><br>Test class: com.agoda.PasswordChangeTestNG</td>
<td></td>
<td>0</td>
<td>com.agoda.PasswordChangeTestNG@4e9ba398</td></tr>
<tr>
<td title='com.agoda.PasswordChangeTestNG.passwordWithWrongSystemPassword()'><b>passwordWithWrongSystemPassword</b><br>Test class: com.agoda.PasswordChangeTestNG</td>
<td></td>
<td>0</td>
<td>com.agoda.PasswordChangeTestNG@4e9ba398</td></tr>
<tr>
<td title='com.agoda.PasswordChangeTestNG.passwordWithsimilarity()'><b>passwordWithsimilarity</b><br>Test class: com.agoda.PasswordChangeTestNG</td>
<td></td>
<td>0</td>
<td>com.agoda.PasswordChangeTestNG@4e9ba398</td></tr>
<tr>
<td title='com.agoda.PasswordChangeTestNG.validpasswordTest()'><b>validpasswordTest</b><br>Test class: com.agoda.PasswordChangeTestNG</td>
<td></td>
<td>0</td>
<td>com.agoda.PasswordChangeTestNG@4e9ba398</td></tr>
</table><p>
</body>
</html>