<?xml version="1.0" encoding="UTF-8"?>
<testng-results skipped="0" failed="2" ignored="0" total="16" passed="14">
  <reporter-output>
  </reporter-output>
  <suite name="Suite" duration-ms="5376" started-at="2019-06-26T06:02:32 IST" finished-at="2019-06-26T06:02:38 IST">
    <groups>
    </groups>
    <test name="PasswordValidationTest" duration-ms="5376" started-at="2019-06-26T06:02:32 IST" finished-at="2019-06-26T06:02:38 IST">
      <class name="com.agoda.PasswordChangeTestNG">
        <test-method status="PASS" signature="setUpBeforeClass()[pri:0, instance:com.agoda.PasswordChangeTestNG@527740a2]" name="setUpBeforeClass" is-config="true" duration-ms="109" started-at="2019-06-26T06:02:32 IST" finished-at="2019-06-26T06:02:32 IST">
          <reporter-output>
          </reporter-output>
        </test-method> <!-- setUpBeforeClass -->
        <test-method status="PASS" signature="dataProviderTestWithNegativeConditions(java.lang.String)[pri:0, instance:com.agoda.PasswordChangeTestNG@527740a2]" name="dataProviderTestWithNegativeConditions" duration-ms="22" started-at="2019-06-26T06:02:32 IST" data-provider="dataProviderTest" finished-at="2019-06-26T06:02:32 IST">
          <params>
            <param index="0">
              <value>
                <![CDATA[ ]]>
              </value>
            </param>
          </params>
          <reporter-output>
          </reporter-output>
        </test-method> <!-- dataProviderTestWithNegativeConditions -->
        <test-method status="PASS" signature="dataProviderTestWithNegativeConditions(java.lang.String)[pri:0, instance:com.agoda.PasswordChangeTestNG@527740a2]" name="dataProviderTestWithNegativeConditions" duration-ms="16" started-at="2019-06-26T06:02:32 IST" data-provider="dataProviderTest" finished-at="2019-06-26T06:02:32 IST">
          <params>
            <param index="0">
              <value>
                <![CDATA[qwerty@A45sssss6*kladaedef]]>
              </value>
            </param>
          </params>
          <reporter-output>
          </reporter-output>
        </test-method> <!-- dataProviderTestWithNegativeConditions -->
        <test-method status="FAIL" signature="emptynewPassword()[pri:0, instance:com.agoda.PasswordChangeTestNG@527740a2]" name="emptynewPassword" duration-ms="15" started-at="2019-06-26T06:02:32 IST" finished-at="2019-06-26T06:02:32 IST">
          <exception class="java.lang.AssertionError">
            <message>
              <![CDATA[did not expect to find [true] but found [false]]]>
            </message>
            <full-stacktrace>
              <![CDATA[java.lang.AssertionError: did not expect to find [true] but found [false]
at org.testng.Assert.fail(Assert.java:97)
at org.testng.Assert.failNotEquals(Assert.java:969)
at org.testng.Assert.assertTrue(Assert.java:43)
at org.testng.Assert.assertTrue(Assert.java:53)
at com.agoda.PasswordChangeTestNG.emptynewPassword(PasswordChangeTestNG.java:42)
at sun.reflect.NativeMethodAccessorImpl.invoke0(Native Method)
at sun.reflect.NativeMethodAccessorImpl.invoke(Unknown Source)
at sun.reflect.DelegatingMethodAccessorImpl.invoke(Unknown Source)
at java.lang.reflect.Method.invoke(Unknown Source)
at org.testng.internal.MethodInvocationHelper.invokeMethod(MethodInvocationHelper.java:131)
at org.testng.internal.TestInvoker.invokeMethod(TestInvoker.java:570)
at org.testng.internal.TestInvoker.invokeTestMethod(TestInvoker.java:170)
at org.testng.internal.MethodRunner.runInSequence(MethodRunner.java:46)
at org.testng.internal.TestInvoker$MethodInvocationAgent.invoke(TestInvoker.java:790)
at org.testng.internal.TestInvoker.invokeTestMethods(TestInvoker.java:143)
at org.testng.internal.TestMethodWorker.invokeTestMethods(TestMethodWorker.java:146)
at org.testng.internal.TestMethodWorker.run(TestMethodWorker.java:128)
at org.testng.TestRunner.privateRun(TestRunner.java:763)
at org.testng.TestRunner.run(TestRunner.java:594)
at org.testng.SuiteRunner.runTest(SuiteRunner.java:398)
at org.testng.SuiteRunner.runSequentially(SuiteRunner.java:392)
at org.testng.SuiteRunner.privateRun(SuiteRunner.java:355)
at org.testng.SuiteRunner.run(SuiteRunner.java:304)
at org.testng.SuiteRunnerWorker.runSuite(SuiteRunnerWorker.java:53)
at org.testng.SuiteRunnerWorker.run(SuiteRunnerWorker.java:96)
at org.testng.TestNG.runSuitesSequentially(TestNG.java:1146)
at org.testng.TestNG.runSuitesLocally(TestNG.java:1067)
at org.testng.TestNG.runSuites(TestNG.java:997)
at org.testng.TestNG.run(TestNG.java:965)
at org.testng.remote.AbstractRemoteTestNG.run(AbstractRemoteTestNG.java:115)
at org.testng.remote.RemoteTestNG.initAndRun(RemoteTestNG.java:251)
at org.testng.remote.RemoteTestNG.main(RemoteTestNG.java:77)
]]>
            </full-stacktrace>
          </exception> <!-- java.lang.AssertionError -->
          <reporter-output>
          </reporter-output>
        </test-method> <!-- emptynewPassword -->
        <test-method status="FAIL" signature="inValidPreviouspasswordTest()[pri:0, instance:com.agoda.PasswordChangeTestNG@527740a2]" name="inValidPreviouspasswordTest" duration-ms="16" started-at="2019-06-26T06:02:32 IST" finished-at="2019-06-26T06:02:32 IST">
          <exception class="java.lang.AssertionError">
            <message>
              <![CDATA[did not expect to find [true] but found [false]]]>
            </message>
            <full-stacktrace>
              <![CDATA[java.lang.AssertionError: did not expect to find [true] but found [false]
at org.testng.Assert.fail(Assert.java:97)
at org.testng.Assert.failNotEquals(Assert.java:969)
at org.testng.Assert.assertTrue(Assert.java:43)
at org.testng.Assert.assertTrue(Assert.java:53)
at com.agoda.PasswordChangeTestNG.inValidPreviouspasswordTest(PasswordChangeTestNG.java:35)
at sun.reflect.NativeMethodAccessorImpl.invoke0(Native Method)
at sun.reflect.NativeMethodAccessorImpl.invoke(Unknown Source)
at sun.reflect.DelegatingMethodAccessorImpl.invoke(Unknown Source)
at java.lang.reflect.Method.invoke(Unknown Source)
at org.testng.internal.MethodInvocationHelper.invokeMethod(MethodInvocationHelper.java:131)
at org.testng.internal.TestInvoker.invokeMethod(TestInvoker.java:570)
at org.testng.internal.TestInvoker.invokeTestMethod(TestInvoker.java:170)
at org.testng.internal.MethodRunner.runInSequence(MethodRunner.java:46)
at org.testng.internal.TestInvoker$MethodInvocationAgent.invoke(TestInvoker.java:790)
at org.testng.internal.TestInvoker.invokeTestMethods(TestInvoker.java:143)
at org.testng.internal.TestMethodWorker.invokeTestMethods(TestMethodWorker.java:146)
at org.testng.internal.TestMethodWorker.run(TestMethodWorker.java:128)
at org.testng.TestRunner.privateRun(TestRunner.java:763)
at org.testng.TestRunner.run(TestRunner.java:594)
at org.testng.SuiteRunner.runTest(SuiteRunner.java:398)
at org.testng.SuiteRunner.runSequentially(SuiteRunner.java:392)
at org.testng.SuiteRunner.privateRun(SuiteRunner.java:355)
at org.testng.SuiteRunner.run(SuiteRunner.java:304)
at org.testng.SuiteRunnerWorker.runSuite(SuiteRunnerWorker.java:53)
at org.testng.SuiteRunnerWorker.run(SuiteRunnerWorker.java:96)
at org.testng.TestNG.runSuitesSequentially(TestNG.java:1146)
at org.testng.TestNG.runSuitesLocally(TestNG.java:1067)
at org.testng.TestNG.runSuites(TestNG.java:997)
at org.testng.TestNG.run(TestNG.java:965)
at org.testng.remote.AbstractRemoteTestNG.run(AbstractRemoteTestNG.java:115)
at org.testng.remote.RemoteTestNG.initAndRun(RemoteTestNG.java:251)
at org.testng.remote.RemoteTestNG.main(RemoteTestNG.java:77)
]]>
            </full-stacktrace>
          </exception> <!-- java.lang.AssertionError -->
          <reporter-output>
          </reporter-output>
        </test-method> <!-- inValidPreviouspasswordTest -->
        <test-method status="PASS" signature="passwordWithAllDigits()[pri:0, instance:com.agoda.PasswordChangeTestNG@527740a2]" name="passwordWithAllDigits" duration-ms="15" started-at="2019-06-26T06:02:32 IST" finished-at="2019-06-26T06:02:32 IST">
          <reporter-output>
          </reporter-output>
        </test-method> <!-- passwordWithAllDigits -->
        <test-method status="PASS" signature="passwordWithAllSpecialChars()[pri:0, instance:com.agoda.PasswordChangeTestNG@527740a2]" name="passwordWithAllSpecialChars" duration-ms="0" started-at="2019-06-26T06:02:32 IST" finished-at="2019-06-26T06:02:32 IST">
          <reporter-output>
          </reporter-output>
        </test-method> <!-- passwordWithAllSpecialChars -->
        <test-method status="PASS" signature="passwordWithLessThan17Characters()[pri:0, instance:com.agoda.PasswordChangeTestNG@527740a2]" name="passwordWithLessThan17Characters" duration-ms="16" started-at="2019-06-26T06:02:32 IST" finished-at="2019-06-26T06:02:33 IST">
          <reporter-output>
          </reporter-output>
        </test-method> <!-- passwordWithLessThan17Characters -->
        <test-method status="PASS" signature="passwordWithMoreThan50PercenOfDigits()[pri:0, instance:com.agoda.PasswordChangeTestNG@527740a2]" name="passwordWithMoreThan50PercenOfDigits" duration-ms="0" started-at="2019-06-26T06:02:33 IST" finished-at="2019-06-26T06:02:33 IST">
          <reporter-output>
          </reporter-output>
        </test-method> <!-- passwordWithMoreThan50PercenOfDigits -->
        <test-method status="PASS" signature="passwordWithNoDigits()[pri:0, instance:com.agoda.PasswordChangeTestNG@527740a2]" name="passwordWithNoDigits" duration-ms="0" started-at="2019-06-26T06:02:33 IST" finished-at="2019-06-26T06:02:33 IST">
          <reporter-output>
          </reporter-output>
        </test-method> <!-- passwordWithNoDigits -->
        <test-method status="PASS" signature="passwordWithNoLowerCase()[pri:0, instance:com.agoda.PasswordChangeTestNG@527740a2]" name="passwordWithNoLowerCase" duration-ms="0" started-at="2019-06-26T06:02:33 IST" finished-at="2019-06-26T06:02:33 IST">
          <reporter-output>
          </reporter-output>
        </test-method> <!-- passwordWithNoLowerCase -->
        <test-method status="PASS" signature="passwordWithNoUpperCase()[pri:0, instance:com.agoda.PasswordChangeTestNG@527740a2]" name="passwordWithNoUpperCase" duration-ms="0" started-at="2019-06-26T06:02:33 IST" finished-at="2019-06-26T06:02:33 IST">
          <reporter-output>
          </reporter-output>
        </test-method> <!-- passwordWithNoUpperCase -->
        <test-method status="PASS" signature="passwordWithNotAllowdedSpecialChars()[pri:0, instance:com.agoda.PasswordChangeTestNG@527740a2]" name="passwordWithNotAllowdedSpecialChars" duration-ms="16" started-at="2019-06-26T06:02:33 IST" finished-at="2019-06-26T06:02:33 IST">
          <reporter-output>
          </reporter-output>
        </test-method> <!-- passwordWithNotAllowdedSpecialChars -->
        <test-method status="PASS" signature="passwordWithSpecialCharsMoreThan4()[pri:0, instance:com.agoda.PasswordChangeTestNG@527740a2]" name="passwordWithSpecialCharsMoreThan4" duration-ms="11" started-at="2019-06-26T06:02:33 IST" finished-at="2019-06-26T06:02:33 IST">
          <reporter-output>
          </reporter-output>
        </test-method> <!-- passwordWithSpecialCharsMoreThan4 -->
        <test-method status="PASS" signature="passwordWithWrongSystemPassword()[pri:0, instance:com.agoda.PasswordChangeTestNG@527740a2]" name="passwordWithWrongSystemPassword" duration-ms="3" started-at="2019-06-26T06:02:33 IST" finished-at="2019-06-26T06:02:33 IST">
          <reporter-output>
          </reporter-output>
        </test-method> <!-- passwordWithWrongSystemPassword -->
        <test-method status="PASS" signature="passwordWithsimilarity()[pri:0, instance:com.agoda.PasswordChangeTestNG@527740a2]" name="passwordWithsimilarity" duration-ms="3" started-at="2019-06-26T06:02:33 IST" finished-at="2019-06-26T06:02:33 IST">
          <reporter-output>
          </reporter-output>
        </test-method> <!-- passwordWithsimilarity -->
        <test-method status="PASS" signature="validpasswordTest()[pri:0, instance:com.agoda.PasswordChangeTestNG@527740a2]" name="validpasswordTest" duration-ms="5" started-at="2019-06-26T06:02:33 IST" finished-at="2019-06-26T06:02:33 IST">
          <reporter-output>
          </reporter-output>
        </test-method> <!-- validpasswordTest -->
        <test-method status="PASS" signature="afterClass()[pri:0, instance:com.agoda.PasswordChangeTestNG@527740a2]" name="afterClass" is-config="true" duration-ms="5002" started-at="2019-06-26T06:02:33 IST" finished-at="2019-06-26T06:02:38 IST">
          <reporter-output>
          </reporter-output>
        </test-method> <!-- afterClass -->
      </class> <!-- com.agoda.PasswordChangeTestNG -->
    </test> <!-- PasswordValidationTest -->
  </suite> <!-- Suite -->
</testng-results>
